<?xml version="1.0" encoding="UTF-8"?>
<testng-results ignored="0" total="4" passed="4" failed="0" skipped="0">
  <reporter-output>
  </reporter-output>
  <suite started-at="2023-03-28T12:54:24 IST" name="Suite" finished-at="2023-03-28T12:55:16 IST" duration-ms="52366">
    <groups>
    </groups>
    <test started-at="2023-03-28T12:54:24 IST" name="Test" finished-at="2023-03-28T12:55:16 IST" duration-ms="52366">
      <class name="recap.CalculatorApp">
        <test-method is-config="true" signature="setup()[pri:0, instance:recap.CalculatorApp@4562e04d]" started-at="2023-03-28T12:54:24 IST" name="setup" finished-at="2023-03-28T12:54:43 IST" duration-ms="18970" status="PASS">
          <reporter-output>
          </reporter-output>
        </test-method> <!-- setup -->
        <test-method signature="verifyAddTest()[pri:0, instance:recap.CalculatorApp@4562e04d]" started-at="2023-03-28T12:54:43 IST" name="verifyAddTest" finished-at="2023-03-28T12:54:52 IST" duration-ms="8511" status="PASS">
          <reporter-output>
          </reporter-output>
        </test-method> <!-- verifyAddTest -->
        <test-method signature="verifyDivTest()[pri:0, instance:recap.CalculatorApp@4562e04d]" started-at="2023-03-28T12:54:52 IST" name="verifyDivTest" finished-at="2023-03-28T12:54:59 IST" duration-ms="7574" status="PASS">
          <reporter-output>
          </reporter-output>
        </test-method> <!-- verifyDivTest -->
        <test-method signature="verifyMulTest()[pri:0, instance:recap.CalculatorApp@4562e04d]" started-at="2023-03-28T12:54:59 IST" name="verifyMulTest" finished-at="2023-03-28T12:55:09 IST" duration-ms="9472" status="PASS">
          <reporter-output>
          </reporter-output>
        </test-method> <!-- verifyMulTest -->
        <test-method signature="verifySubTest()[pri:0, instance:recap.CalculatorApp@4562e04d]" started-at="2023-03-28T12:55:09 IST" name="verifySubTest" finished-at="2023-03-28T12:55:16 IST" duration-ms="7771" status="PASS">
          <reporter-output>
          </reporter-output>
        </test-method> <!-- verifySubTest -->
      </class> <!-- recap.CalculatorApp -->
    </test> <!-- Test -->
  </suite> <!-- Suite -->
</testng-results>
